2025-03-31 18:05:40,278 - neural_introspection - INFO - Neural introspection pipeline started
2025-03-31 18:05:40,278 - neural_introspection - INFO - Output directory: output
2025-03-31 18:05:40,287 - neural_introspection - INFO - Using device: mps
2025-03-31 18:05:40,288 - neural_introspection - INFO - Loading model: gpt2-small
2025-03-31 18:05:41,665 - neural_introspection - INFO - Model architecture: gpt2-small
2025-03-31 18:05:41,666 - neural_introspection - INFO -   Layers: 12
2025-03-31 18:05:41,666 - neural_introspection - INFO -   Hidden size: 768
2025-03-31 18:05:41,666 - neural_introspection - INFO -   MLP intermediate size: 3072
2025-03-31 18:05:41,666 - neural_introspection - INFO - No text file provided or file not found. Generating 750 synthetic texts
2025-03-31 18:05:41,675 - neural_introspection - INFO - Loaded 750 sample texts
2025-03-31 18:05:41,676 - neural_introspection - INFO - Scanning for interesting neurons using 750 sample texts
2025-03-31 18:05:42,835 - neural_introspection - INFO - Selected neuron: Layer 11, Neuron 6
2025-03-31 18:05:42,835 - neural_introspection - INFO -   Score: 482.7271, Variance: 118.9613, Range: 56.8498
2025-03-31 18:05:46,299 - neural_introspection - INFO - Neuron visualization saved to output/figures
2025-03-31 18:05:46,300 - neural_introspection - INFO - Generating regression dataset for Layer 11, Neuron 6
2025-03-31 18:06:08,517 - neural_introspection - INFO - Dataset saved to output/datasets/neuron_l11_n6_20250331_180608
2025-03-31 18:06:08,517 - neural_introspection - INFO -   Samples: 750
2025-03-31 18:06:08,517 - neural_introspection - INFO -   Activation range: [17.2228, 74.0727]
2025-03-31 18:06:08,517 - neural_introspection - INFO -   Mean: 51.3396, Std: 10.1282
2025-03-31 18:06:08,593 - neural_introspection - INFO - Training gpt2 to predict Layer 11, Neuron 6 activations
2025-03-31 18:06:08,593 - neural_introspection - INFO -   Using regression head
2025-03-31 18:06:08,593 - neural_introspection - INFO -   Features from layer: -1
2025-03-31 18:15:10,987 - neural_introspection - INFO - Training completed in 539.5 seconds
2025-03-31 18:15:10,988 - neural_introspection - INFO -   Final training loss: 17.8756
2025-03-31 18:15:10,988 - neural_introspection - INFO -   Final validation loss: 4.6182
2025-03-31 18:15:10,988 - neural_introspection - INFO -   Best validation loss: 4.6182 (epoch 20)
2025-03-31 18:15:10,995 - neural_introspection - INFO - Loaded best model from epoch 20
2025-03-31 18:15:10,995 - neural_introspection - INFO - Evaluating model performance
2025-03-31 18:15:14,456 - neural_introspection - INFO - Test set evaluation:
2025-03-31 18:15:14,456 - neural_introspection - INFO -   Correlation: -0.0983
2025-03-31 18:15:14,456 - neural_introspection - INFO -   MSE: 6.2978
2025-03-31 18:15:14,914 - neural_introspection - INFO - Introspection analysis visualization saved to output/figures/introspection_analysis_l11_n6_20250331_181514.png
2025-03-31 18:15:14,914 - neural_introspection - INFO - Testing on new examples:
2025-03-31 18:15:15,039 - neural_introspection - INFO - Example 1:
2025-03-31 18:15:15,039 - neural_introspection - INFO -   Text: Scientists study complex patterns in data to discover insights. Thi...
2025-03-31 18:15:15,039 - neural_introspection - INFO -   Predicted: 470.780853, Actual: 42.244316, Error: 428.536530
2025-03-31 18:15:15,039 - neural_introspection - INFO - Example 2:
2025-03-31 18:15:15,039 - neural_introspection - INFO -   Text: Renewable energy sources include solar, wind, and hydroelectric pow...
2025-03-31 18:15:15,039 - neural_introspection - INFO -   Predicted: 638.489990, Actual: 57.185780, Error: 581.304199
2025-03-31 18:15:15,039 - neural_introspection - INFO - Example 3:
2025-03-31 18:15:15,039 - neural_introspection - INFO -   Text: In machine learning, models are trained on data to make predictions...
2025-03-31 18:15:15,039 - neural_introspection - INFO -   Predicted: 503.918884, Actual: 48.729881, Error: 455.188995
2025-03-31 18:15:15,039 - neural_introspection - INFO - Example 4:
2025-03-31 18:15:15,039 - neural_introspection - INFO -   Text: Deep learning has transformed computer vision tasks. This concept h...
2025-03-31 18:15:15,040 - neural_introspection - INFO -   Predicted: 523.745544, Actual: 47.209503, Error: 476.536041
2025-03-31 18:15:15,040 - neural_introspection - INFO - Example 5:
2025-03-31 18:15:15,040 - neural_introspection - INFO -   Text: Forests are crucial ecosystems that support biodiversity. This repr...
2025-03-31 18:15:15,040 - neural_introspection - INFO -   Predicted: 631.782471, Actual: 54.825348, Error: 576.957153
2025-03-31 18:15:15,040 - neural_introspection - INFO - Introspection report saved to output/introspection_report_20250331_181514.txt
2025-03-31 18:15:15,040 - neural_introspection - INFO - Summary saved to output/introspection_summary_20250331_180540.json
2025-03-31 18:15:15,040 - neural_introspection - INFO - Neural introspection pipeline completed successfully!
