2025-04-01 14:04:06,343 - neural_introspection - INFO - Neural introspection pipeline started
2025-04-01 14:04:06,343 - neural_introspection - INFO - Output directory: output
2025-04-01 14:04:06,353 - neural_introspection - INFO - Using device: mps
2025-04-01 14:04:06,355 - neural_introspection - INFO - Loading model: gpt2-small
2025-04-01 14:04:08,311 - neural_introspection - INFO - Model architecture: gpt2-small
2025-04-01 14:04:08,311 - neural_introspection - INFO -   Layers: 12
2025-04-01 14:04:08,311 - neural_introspection - INFO -   Hidden size: 768
2025-04-01 14:04:08,311 - neural_introspection - INFO -   MLP intermediate size: 3072
2025-04-01 14:04:08,311 - neural_introspection - INFO - No text file provided or file not found. Generating 200 synthetic texts
2025-04-01 14:04:08,315 - neural_introspection - INFO - Loaded 200 sample texts
2025-04-01 14:04:08,315 - neural_introspection - INFO - Scanning for interesting neurons using 200 sample texts
2025-04-01 14:04:09,578 - neural_introspection - INFO - Selected neuron: Layer 11, Neuron 6
2025-04-01 14:04:09,579 - neural_introspection - INFO -   Score: 482.7271, Variance: 118.9613, Range: 56.8498
2025-04-01 14:04:13,087 - neural_introspection - INFO - Neuron visualization saved to output/figures
2025-04-01 14:04:13,088 - neural_introspection - INFO - Generating regression dataset for Layer 11, Neuron 6
2025-04-01 14:04:27,707 - neural_introspection - INFO - Dataset saved to output/datasets/neuron_l11_n6_20250401_140427
2025-04-01 14:04:27,707 - neural_introspection - INFO -   Samples: 500
2025-04-01 14:04:27,707 - neural_introspection - INFO -   Activation range: [17.2228, 74.0727]
2025-04-01 14:04:27,708 - neural_introspection - INFO -   Mean: 50.2507, Std: 10.6816
2025-04-01 14:04:27,783 - neural_introspection - INFO - Training gpt2 to predict Layer 11, Neuron 6 activations
2025-04-01 14:04:27,783 - neural_introspection - INFO -   Using regression head
2025-04-01 14:04:27,783 - neural_introspection - INFO -   Features from layer: -1
2025-04-01 14:10:19,737 - neural_introspection - INFO - Training completed in 350.0 seconds
2025-04-01 14:10:19,739 - neural_introspection - INFO -   Final training loss: 21.7213
2025-04-01 14:10:19,739 - neural_introspection - INFO -   Final validation loss: 8.5389
2025-04-01 14:10:19,739 - neural_introspection - INFO -   Best validation loss: 8.5389 (epoch 20)
2025-04-01 14:10:19,747 - neural_introspection - INFO - Loaded best model from epoch 20
2025-04-01 14:10:19,747 - neural_introspection - INFO - Evaluating model performance
2025-04-01 14:10:22,577 - neural_introspection - INFO - Test set evaluation:
2025-04-01 14:10:22,577 - neural_introspection - INFO -   Correlation: -0.1138
2025-04-01 14:10:22,577 - neural_introspection - INFO -   MSE: 69231.7875
2025-04-01 14:10:22,929 - neural_introspection - INFO - Introspection analysis visualization saved to output/figures/introspection_analysis_l11_n6_20250401_141022.png
2025-04-01 14:10:22,930 - neural_introspection - INFO - Testing on new examples:
2025-04-01 14:10:23,064 - neural_introspection - INFO - Example 1:
2025-04-01 14:10:23,064 - neural_introspection - INFO -   Text: Scientists study complex patterns in data to discover insights. Thi...
2025-04-01 14:10:23,064 - neural_introspection - INFO -   Predicted: 421.068542, Actual: 42.244316, Error: 378.824219
2025-04-01 14:10:23,064 - neural_introspection - INFO - Example 2:
2025-04-01 14:10:23,064 - neural_introspection - INFO -   Text: Deep learning has transformed computer vision tasks. This represent...
2025-04-01 14:10:23,064 - neural_introspection - INFO -   Predicted: 607.562988, Actual: 54.426640, Error: 553.136353
2025-04-01 14:10:23,064 - neural_introspection - INFO - Example 3:
2025-04-01 14:10:23,064 - neural_introspection - INFO -   Text: Artificial intelligence systems continue to advance rapidly. This i...
2025-04-01 14:10:23,064 - neural_introspection - INFO -   Predicted: 726.027649, Actual: 59.608280, Error: 666.419373
2025-04-01 14:10:23,064 - neural_introspection - INFO - Example 4:
2025-04-01 14:10:23,065 - neural_introspection - INFO -   Text: Medical research continues to develop new treatments for diseases. ...
2025-04-01 14:10:23,065 - neural_introspection - INFO -   Predicted: 696.911255, Actual: 57.713367, Error: 639.197876
2025-04-01 14:10:23,065 - neural_introspection - INFO - Example 5:
2025-04-01 14:10:23,065 - neural_introspection - INFO -   Text: Transformers use attention mechanisms to process sequences. This ap...
2025-04-01 14:10:23,065 - neural_introspection - INFO -   Predicted: 587.388367, Actual: 54.360916, Error: 533.027466
2025-04-01 14:10:23,065 - neural_introspection - INFO - Introspection report saved to output/introspection_report_20250401_141022.txt
2025-04-01 14:10:23,066 - neural_introspection - INFO - Summary saved to output/introspection_summary_20250401_140406.json
2025-04-01 14:10:23,066 - neural_introspection - INFO - Neural introspection pipeline completed successfully!
