2025-04-01 16:47:44,613 - neural_introspection - INFO - Neural introspection pipeline started
2025-04-01 16:47:44,613 - neural_introspection - INFO - Output directory: output
2025-04-01 16:47:44,624 - neural_introspection - INFO - Using device: mps
2025-04-01 16:47:44,627 - neural_introspection - INFO - Loading model: gpt2-small
2025-04-01 16:47:46,166 - neural_introspection - INFO - Model architecture: gpt2-small
2025-04-01 16:47:46,166 - neural_introspection - INFO -   Layers: 12
2025-04-01 16:47:46,166 - neural_introspection - INFO -   Hidden size: 768
2025-04-01 16:47:46,166 - neural_introspection - INFO -   MLP intermediate size: 3072
2025-04-01 16:47:46,167 - neural_introspection - INFO - No text file provided or file not found. Generating 200 synthetic texts
2025-04-01 16:47:46,170 - neural_introspection - INFO - Loaded 200 sample texts
2025-04-01 16:47:46,170 - neural_introspection - INFO - Scanning for interesting neurons using 200 sample texts
2025-04-01 16:47:47,418 - neural_introspection - INFO - Selected neuron: Layer 11, Neuron 6
2025-04-01 16:47:47,419 - neural_introspection - INFO -   Score: 482.7271, Variance: 118.9613, Range: 56.8498
2025-04-01 16:47:51,255 - neural_introspection - INFO - Neuron visualization saved to output/figures
2025-04-01 16:47:51,256 - neural_introspection - INFO - Generating regression dataset for Layer 11, Neuron 6
2025-04-01 16:48:06,686 - neural_introspection - INFO - Dataset saved to output/datasets/neuron_l11_n6_20250401_164806
2025-04-01 16:48:06,686 - neural_introspection - INFO -   Samples: 500
2025-04-01 16:48:06,686 - neural_introspection - INFO -   Activation range: [17.2228, 74.0727]
2025-04-01 16:48:06,686 - neural_introspection - INFO -   Mean: 50.2507, Std: 10.6816
2025-04-01 16:48:06,761 - neural_introspection - INFO - Training gpt2 to predict Layer 11, Neuron 6 activations
2025-04-01 16:48:06,761 - neural_introspection - INFO -   Using regression head
2025-04-01 16:48:06,761 - neural_introspection - INFO -   Features from layer: -1
2025-04-01 16:54:04,238 - neural_introspection - INFO - Training completed in 355.5 seconds
2025-04-01 16:54:04,239 - neural_introspection - INFO -   Final training loss: 21.7213
2025-04-01 16:54:04,239 - neural_introspection - INFO -   Final validation loss: 8.5389
2025-04-01 16:54:04,239 - neural_introspection - INFO -   Best validation loss: 8.5389 (epoch 20)
2025-04-01 16:54:04,247 - neural_introspection - INFO - Loaded best model from epoch 20
2025-04-01 16:54:04,248 - neural_introspection - INFO - Evaluating model performance
2025-04-01 16:54:07,189 - neural_introspection - INFO - Test set evaluation:
2025-04-01 16:54:07,189 - neural_introspection - INFO -   Correlation: -0.1138
2025-04-01 16:54:07,189 - neural_introspection - INFO -   MSE: 8.6557
2025-04-01 16:54:07,200 - neural_introspection - INFO - Using bias-corrected predictions for introspection analysis
2025-04-01 16:54:07,551 - neural_introspection - INFO - Introspection analysis visualization saved to output/figures/introspection_analysis_l11_n6_20250401_165407.png
2025-04-01 16:54:07,552 - neural_introspection - INFO - Testing on new examples:
2025-04-01 16:54:07,691 - neural_introspection - INFO - Example 1:
2025-04-01 16:54:07,691 - neural_introspection - INFO -   Text: Scientists study complex patterns in data to discover insights. Thi...
2025-04-01 16:54:07,691 - neural_introspection - INFO -   Predicted: 421.068542, Actual: 42.244316, Error: 378.824219
2025-04-01 16:54:07,691 - neural_introspection - INFO - Example 2:
2025-04-01 16:54:07,692 - neural_introspection - INFO -   Text: Deep learning has transformed computer vision tasks. This represent...
2025-04-01 16:54:07,692 - neural_introspection - INFO -   Predicted: 607.562988, Actual: 54.426640, Error: 553.136353
2025-04-01 16:54:07,692 - neural_introspection - INFO - Example 3:
2025-04-01 16:54:07,692 - neural_introspection - INFO -   Text: Artificial intelligence systems continue to advance rapidly. This i...
2025-04-01 16:54:07,692 - neural_introspection - INFO -   Predicted: 726.027649, Actual: 59.608280, Error: 666.419373
2025-04-01 16:54:07,692 - neural_introspection - INFO - Example 4:
2025-04-01 16:54:07,692 - neural_introspection - INFO -   Text: Medical research continues to develop new treatments for diseases. ...
2025-04-01 16:54:07,692 - neural_introspection - INFO -   Predicted: 696.911255, Actual: 57.713367, Error: 639.197876
2025-04-01 16:54:07,692 - neural_introspection - INFO - Example 5:
2025-04-01 16:54:07,692 - neural_introspection - INFO -   Text: Transformers use attention mechanisms to process sequences. This ap...
2025-04-01 16:54:07,692 - neural_introspection - INFO -   Predicted: 587.388367, Actual: 54.360916, Error: 533.027466
2025-04-01 16:54:07,692 - neural_introspection - INFO - Introspection report saved to output/introspection_report_20250401_165407.txt
2025-04-01 16:54:07,693 - neural_introspection - INFO - Summary saved to output/introspection_summary_20250401_164744.json
2025-04-01 16:54:07,693 - neural_introspection - INFO - Neural introspection pipeline completed successfully!
