2025-03-31 17:21:59,561 - neural_introspection - INFO - Neural introspection pipeline started
2025-03-31 17:21:59,561 - neural_introspection - INFO - Output directory: neural_introspection_output
2025-03-31 17:21:59,572 - neural_introspection - INFO - Using device: mps
2025-03-31 17:21:59,575 - neural_introspection - INFO - Loading model: gpt2-small
2025-03-31 17:22:01,350 - neural_introspection - INFO - Model architecture: gpt2-small
2025-03-31 17:22:01,350 - neural_introspection - INFO -   Layers: 12
2025-03-31 17:22:01,350 - neural_introspection - INFO -   Hidden size: 768
2025-03-31 17:22:01,350 - neural_introspection - INFO -   MLP intermediate size: 3072
2025-03-31 17:22:01,350 - neural_introspection - INFO - No text file provided or file not found. Generating 200 synthetic texts
2025-03-31 17:22:01,355 - neural_introspection - INFO - Loaded 200 sample texts
2025-03-31 17:22:01,355 - neural_introspection - INFO - Scanning for interesting neurons using 200 sample texts
2025-03-31 17:22:03,202 - neural_introspection - INFO - Selected neuron: Layer 11, Neuron 6
2025-03-31 17:22:03,203 - neural_introspection - INFO -   Score: 482.7271, Variance: 118.9613, Range: 56.8498
2025-03-31 17:22:07,350 - neural_introspection - INFO - Neuron visualization saved to neural_introspection_output/figures
2025-03-31 17:22:07,351 - neural_introspection - INFO - Generating regression dataset for Layer 11, Neuron 6
2025-03-31 17:22:11,967 - neural_introspection - INFO - Dataset saved to neural_introspection_output/datasets/neuron_l11_n6_20250331_172211
2025-03-31 17:22:11,967 - neural_introspection - INFO -   Samples: 150
2025-03-31 17:22:11,967 - neural_introspection - INFO -   Activation range: [17.2228, 74.0727]
2025-03-31 17:22:11,967 - neural_introspection - INFO -   Mean: 50.0225, Std: 10.8069
2025-03-31 17:22:12,042 - neural_introspection - INFO - Training gpt2 to predict Layer 11, Neuron 6 activations
2025-03-31 17:22:12,042 - neural_introspection - INFO -   Using regression head
2025-03-31 17:22:12,042 - neural_introspection - INFO -   Features from layer: -1
2025-03-31 17:24:01,260 - neural_introspection - INFO - Training completed in 108.5 seconds
2025-03-31 17:24:01,260 - neural_introspection - INFO -   Final training loss: 104.6930
2025-03-31 17:24:01,260 - neural_introspection - INFO -   Final validation loss: 96.9492
2025-03-31 17:24:01,260 - neural_introspection - INFO -   Best validation loss: 89.6495 (epoch 19)
2025-03-31 17:24:01,270 - neural_introspection - INFO - Loaded best model from epoch 19
2025-03-31 17:24:01,270 - neural_introspection - INFO - Evaluating model performance
2025-03-31 17:24:02,461 - neural_introspection - INFO - Test set evaluation:
2025-03-31 17:24:02,461 - neural_introspection - INFO -   Correlation: -0.1398
2025-03-31 17:24:02,461 - neural_introspection - INFO -   MSE: 62.0076
2025-03-31 17:24:02,971 - neural_introspection - INFO - Introspection analysis visualization saved to neural_introspection_output/figures/introspection_analysis_l11_n6_20250331_172402.png
2025-03-31 17:24:02,971 - neural_introspection - INFO - Testing on new examples:
2025-03-31 17:24:03,141 - neural_introspection - INFO - Example 1:
2025-03-31 17:24:03,141 - neural_introspection - INFO -   Text: Scientists study complex patterns in data to discover insights. Thi...
2025-03-31 17:24:03,141 - neural_introspection - INFO -   Predicted: 461.638123, Actual: 42.244316, Error: 419.393799
2025-03-31 17:24:03,141 - neural_introspection - INFO - Example 2:
2025-03-31 17:24:03,141 - neural_introspection - INFO -   Text: Deep learning has transformed computer vision tasks. This represent...
2025-03-31 17:24:03,141 - neural_introspection - INFO -   Predicted: 594.900940, Actual: 54.426640, Error: 540.474304
2025-03-31 17:24:03,141 - neural_introspection - INFO - Example 3:
2025-03-31 17:24:03,141 - neural_introspection - INFO -   Text: Artificial intelligence systems continue to advance rapidly. This i...
2025-03-31 17:24:03,141 - neural_introspection - INFO -   Predicted: 643.093445, Actual: 59.608280, Error: 583.485168
2025-03-31 17:24:03,141 - neural_introspection - INFO - Example 4:
2025-03-31 17:24:03,141 - neural_introspection - INFO -   Text: Medical research continues to develop new treatments for diseases. ...
2025-03-31 17:24:03,141 - neural_introspection - INFO -   Predicted: 503.342194, Actual: 57.713367, Error: 445.628815
2025-03-31 17:24:03,141 - neural_introspection - INFO - Example 5:
2025-03-31 17:24:03,141 - neural_introspection - INFO -   Text: Transformers use attention mechanisms to process sequences. This ap...
2025-03-31 17:24:03,141 - neural_introspection - INFO -   Predicted: 611.549194, Actual: 54.360916, Error: 557.188293
2025-03-31 17:24:03,142 - neural_introspection - INFO - Introspection report saved to neural_introspection_output/introspection_report_20250331_172402.txt
2025-03-31 17:24:03,142 - neural_introspection - INFO - Summary saved to neural_introspection_output/introspection_summary_20250331_172159.json
2025-03-31 17:24:03,142 - neural_introspection - INFO - Neural introspection pipeline completed successfully!
