2025-04-22 12:01:19,963 - neural_introspection - INFO - Neural introspection pipeline started
2025-04-22 12:01:19,963 - neural_introspection - INFO - Output directory: output
2025-04-22 12:01:19,972 - neural_introspection - INFO - Using device: mps
2025-04-22 12:01:19,975 - neural_introspection - INFO - Loading model: gpt2-small
2025-04-22 12:01:21,517 - neural_introspection - INFO - Model architecture: gpt2-small
2025-04-22 12:01:21,517 - neural_introspection - INFO -   Layers: 12
2025-04-22 12:01:21,517 - neural_introspection - INFO -   Hidden size: 768
2025-04-22 12:01:21,517 - neural_introspection - INFO -   MLP intermediate size: 3072
2025-04-22 12:01:21,517 - neural_introspection - INFO - No text file provided or file not found. Generating 500 synthetic texts
2025-04-22 12:01:21,525 - neural_introspection - INFO - Loaded 500 sample texts
2025-04-22 12:01:21,525 - neural_introspection - INFO - Scanning for interesting neurons using 500 sample texts
2025-04-22 12:01:22,972 - neural_introspection - INFO - Using top neuron from layers up to 8
2025-04-22 12:01:22,973 - neural_introspection - INFO - Selected neuron: Layer 8, Neuron 481
2025-04-22 12:01:22,973 - neural_introspection - INFO -   Score: 48.2056, Variance: 15.9491, Range: 19.5418
2025-04-22 12:01:26,633 - neural_introspection - INFO - Neuron visualization saved to output/figures
2025-04-22 12:01:26,633 - neural_introspection - INFO - Generating regression dataset for Layer 8, Neuron 481
2025-04-22 12:01:42,122 - neural_introspection - INFO - Dataset saved to output/datasets/neuron_l8_n481_20250422_120142
2025-04-22 12:01:42,122 - neural_introspection - INFO -   Samples: 500
2025-04-22 12:01:42,122 - neural_introspection - INFO -   Activation range: [5.1048, 25.0682]
2025-04-22 12:01:42,122 - neural_introspection - INFO -   Mean: 16.8935, Std: 3.6465
2025-04-22 12:01:42,204 - neural_introspection - INFO - Training gpt2 to predict Layer 8, Neuron 481 activations
2025-04-22 12:01:42,204 - neural_introspection - INFO -   Using regression head
2025-04-22 12:01:42,204 - neural_introspection - INFO -   Features from layer: -1
2025-04-22 12:14:39,857 - neural_introspection - INFO - Training completed in 775.6 seconds
2025-04-22 12:14:39,858 - neural_introspection - INFO -   Final training loss: 1.8927
2025-04-22 12:14:39,858 - neural_introspection - INFO -   Final validation loss: 105.7241
2025-04-22 12:14:39,858 - neural_introspection - INFO -   Best validation loss: 95.3481 (epoch 22)
2025-04-22 12:14:39,867 - neural_introspection - INFO - Loaded best model from epoch 22
2025-04-22 12:14:39,867 - neural_introspection - INFO - Evaluating model performance
2025-04-22 12:14:43,088 - neural_introspection - INFO - Test set evaluation:
2025-04-22 12:14:43,088 - neural_introspection - INFO -   Correlation: 0.7584
2025-04-22 12:14:43,088 - neural_introspection - INFO -   MSE: 29.0154
2025-04-22 12:14:43,482 - neural_introspection - INFO - Introspection analysis visualization saved to output/figures/introspection_analysis_l8_n481_20250422_121443.png
2025-04-22 12:14:43,482 - neural_introspection - INFO - Testing on new examples:
2025-04-22 12:14:43,687 - neural_introspection - INFO - Example 1:
2025-04-22 12:14:43,687 - neural_introspection - INFO -   Text: Scientists study complex patterns in data to discover insights. Thi...
2025-04-22 12:14:43,687 - neural_introspection - INFO -   Raw model output: 16.573198318481445
2025-04-22 12:14:43,687 - neural_introspection - INFO -   Denormalized: 16.573198
2025-04-22 12:14:43,687 - neural_introspection - INFO -   Actual: 17.541592
2025-04-22 12:14:43,687 - neural_introspection - INFO -   Error: -0.968393
2025-04-22 12:14:43,687 - neural_introspection - INFO - Example 2:
2025-04-22 12:14:43,687 - neural_introspection - INFO -   Text: Neural networks consist of layers of interconnected nodes. This is ...
2025-04-22 12:14:43,687 - neural_introspection - INFO -   Raw model output: 18.558446884155273
2025-04-22 12:14:43,687 - neural_introspection - INFO -   Denormalized: 18.558447
2025-04-22 12:14:43,687 - neural_introspection - INFO -   Actual: 21.926382
2025-04-22 12:14:43,687 - neural_introspection - INFO -   Error: -3.367935
2025-04-22 12:14:43,687 - neural_introspection - INFO - Example 3:
2025-04-22 12:14:43,687 - neural_introspection - INFO -   Text: In machine learning, models are trained on data to make predictions...
2025-04-22 12:14:43,688 - neural_introspection - INFO -   Raw model output: 22.517688751220703
2025-04-22 12:14:43,688 - neural_introspection - INFO -   Denormalized: 22.517689
2025-04-22 12:14:43,688 - neural_introspection - INFO -   Actual: 24.646523
2025-04-22 12:14:43,688 - neural_introspection - INFO -   Error: -2.128834
2025-04-22 12:14:43,688 - neural_introspection - INFO - Example 4:
2025-04-22 12:14:43,688 - neural_introspection - INFO -   Text: In machine learning, models are trained on data to make predictions...
2025-04-22 12:14:43,688 - neural_introspection - INFO -   Raw model output: 12.276450157165527
2025-04-22 12:14:43,688 - neural_introspection - INFO -   Denormalized: 12.276450
2025-04-22 12:14:43,688 - neural_introspection - INFO -   Actual: 13.318827
2025-04-22 12:14:43,688 - neural_introspection - INFO -   Error: -1.042377
2025-04-22 12:14:43,688 - neural_introspection - INFO - Example 5:
2025-04-22 12:14:43,688 - neural_introspection - INFO -   Text: Ocean currents distribute heat around the planet. The underlying pr...
2025-04-22 12:14:43,688 - neural_introspection - INFO -   Raw model output: 17.607885360717773
2025-04-22 12:14:43,688 - neural_introspection - INFO -   Denormalized: 17.607885
2025-04-22 12:14:43,688 - neural_introspection - INFO -   Actual: 18.548517
2025-04-22 12:14:43,688 - neural_introspection - INFO -   Error: -0.940632
2025-04-22 12:14:43,688 - neural_introspection - INFO - Introspection report saved to output/introspection_report_20250422_121443.txt
2025-04-22 12:14:43,689 - neural_introspection - INFO - Summary saved to output/introspection_summary_20250422_120119.json
2025-04-22 12:14:43,689 - neural_introspection - INFO - Neural introspection pipeline completed successfully!
